08-20 16:35:23 replicate_layout.action_replicate_layout 311:Plugin executed on: 'linux'
08-20 16:35:23 replicate_layout.action_replicate_layout 312:Plugin executed with python version: '3.8.8 (default, Nov 10 2011, 15:00:00) \n[GCC 10.2.0]'
08-20 16:35:23 replicate_layout.action_replicate_layout 313:KiCad build version: 5.1.10
08-20 16:35:23 replicate_layout.action_replicate_layout 314:Replicate layout plugin version: 73 started
08-20 16:35:23 replicate_layout.action_replicate_layout 327:All top level windows titles are:
kicad 5.1.10 /home/lenovoy50/documents/kicad/power/power.pro

eeschema — diode.sch [/sheet611fea1c/] — /home/lenovoy50/documents/kicad/power

pcbnew — /home/lenovoy50/documents/kicad/power/power.kicad_pcb


08-20 16:35:23 replicate_layout.action_replicate_layout 328:All top level windows objects are:
 <wx._core.Frame object at 0x7ff898795dc0>
<wx._core.Frame object at 0x7ff898854310>
<wx._core.Frame object at 0x7ff898795dc0>
<wx._core.Frame object at 0x7ff898854310>
<wx._core.Frame object at 0x7ff898795dc0>
<wx._core.Frame object at 0x7ff898854310>
<wx._core.Frame object at 0x7ff898795dc0>
08-20 16:35:23 replicate_layout.action_replicate_layout 351:Preparing replicator with Q4 as a reference
08-20 16:35:23 replicate_layout.replicatelayout 215:getting project hierarchy from schematics
08-20 16:35:23 replicate_layout.replicatelayout 217:Project hierarchy looks like:
{'611FEA1D': ['Sheet611FEA1C', '/home/lenovoy50/Documents/Kicad/Power/Diode.sch'], '61206467': ['sheet61206463', '/home/lenovoy50/Documents/Kicad/Power/Diode.sch'], '61206558': ['sheet61206554', '/home/lenovoy50/Documents/Kicad/Power/Diode.sch'], '6120661E': ['sheet6120661A', '/home/lenovoy50/Documents/Kicad/Power/Diode.sch']}
08-20 16:35:23 replicate_layout.replicatelayout 225:getting a list of all footprints on board
08-20 16:35:23 replicate_layout.action_replicate_layout 377:source anchor footprint is 'Q4'
Located on:['Sheet611FEA1C']
With filenames:['Diode.sch']
With sheet_id:['Sheet611FEA1C']
08-20 16:35:23 replicate_layout.action_replicate_layout 382:Corresponding footprints are 
[('Q4', ['Sheet611FEA1C']), ('Q6', ['sheet61206463']), ('Q8', ['sheet61206554']), ('Q10', ['sheet6120661A'])]
08-20 16:35:23 replicate_layout.action_replicate_layout 395:Showing dialog
08-20 16:35:23 replicate_layout.replicatelayout 249:construcing a list of sheets suitable for replication on level:'Sheet611FEA1C', file:'Diode.sch'
08-20 16:35:23 replicate_layout.replicatelayout 256:Source sheet path up to the level:['Sheet611FEA1C']
08-20 16:35:23 replicate_layout.replicatelayout 260:Footprints on the sheets:
['Q4', 'Q6', 'Q8', 'Q10']
08-20 16:35:23 replicate_layout.replicatelayout 263:Footprints raw sheet ids:
['/611FEA1D/611FF806', '/61206467/611FF806', '/61206558/611FF806', '/6120661E/611FF806']
08-20 16:35:23 replicate_layout.replicatelayout 279:All sheets to replicate:
[['Sheet611FEA1C'], ['sheet61206463'], ['sheet61206554'], ['sheet6120661A']]
08-20 16:35:23 replicate_layout.replicatelayout 284:All sheets to replicate sorted:
[['Sheet611FEA1C'], ['sheet61206463'], ['sheet61206554'], ['sheet6120661A']]
08-20 16:35:23 replicate_layout.replicatelayout 290:All sheets to replicate sorted and without source sheet:
[['sheet61206463'], ['sheet61206554'], ['sheet6120661A']]
08-20 16:35:23 replicate_layout.action_replicate_layout 399:Pcbnew position: wx.Point(0, 27)
08-20 16:35:23 replicate_layout.action_replicate_layout 405:Display 0: wx.Rect(0, 0, 1920, 1080)
08-20 16:35:23 replicate_layout.action_replicate_layout 409:Toolbar position: wx.Point(1884, 125)
08-20 16:35:23 replicate_layout.action_replicate_layout 416:Dialog position: wx.Point(1571, 125)
08-20 16:35:29 replicate_layout.replicatelayout 249:construcing a list of sheets suitable for replication on level:'Sheet611FEA1C', file:'Diode.sch'
08-20 16:35:29 replicate_layout.replicatelayout 256:Source sheet path up to the level:['Sheet611FEA1C']
08-20 16:35:29 replicate_layout.replicatelayout 260:Footprints on the sheets:
['Q4', 'Q6', 'Q8', 'Q10']
08-20 16:35:29 replicate_layout.replicatelayout 263:Footprints raw sheet ids:
['/611FEA1D/611FF806', '/61206467/611FF806', '/61206558/611FF806', '/6120661E/611FF806']
08-20 16:35:29 replicate_layout.replicatelayout 279:All sheets to replicate:
[['Sheet611FEA1C'], ['sheet61206463'], ['sheet61206554'], ['sheet6120661A']]
08-20 16:35:29 replicate_layout.replicatelayout 284:All sheets to replicate sorted:
[['Sheet611FEA1C'], ['sheet61206463'], ['sheet61206554'], ['sheet6120661A']]
08-20 16:35:29 replicate_layout.replicatelayout 290:All sheets to replicate sorted and without source sheet:
[['sheet61206463'], ['sheet61206554'], ['sheet6120661A']]
08-20 16:35:29 replicate_layout.action_replicate_layout 185:Replicating layout
08-20 16:35:29 replicate_layout.replicatelayout 991:Starting replication of sheets: [['sheet61206463'], ['sheet61206554'], ['sheet6120661A']]
on level: ['Sheet611FEA1C']
with tracks=True, zone=True, text=True, containing=False, remove=False, locked=False
08-20 16:35:29 root 267:updating GUI message: 'Preparing for replication'
08-20 16:35:29 replicate_layout.replicatelayout 556:Getting the list of source footprints
08-20 16:35:29 root 272:updating GUI with: 0
08-20 16:35:29 replicate_layout.replicatelayout 560:Getting the list of all the remaining footprints
08-20 16:35:29 replicate_layout.replicatelayout 564:Getting nets local to source footprints
08-20 16:35:29 replicate_layout.replicatelayout 568:Getting source bounding box
08-20 16:35:29 root 272:updating GUI with: 37
08-20 16:35:29 replicate_layout.replicatelayout 572:Getting source tracks
08-20 16:35:29 root 272:updating GUI with: 50
08-20 16:35:29 replicate_layout.replicatelayout 576:Getting source zones
08-20 16:35:29 replicate_layout.replicatelayout 580:Getting source text items
08-20 16:35:29 replicate_layout.replicatelayout 584:Getting source text items
08-20 16:35:29 root 267:updating GUI message: 'Replicating footprints'
08-20 16:35:29 replicate_layout.replicatelayout 590:Replicating footprints
08-20 16:35:29 root 272:updating GUI with: 0
08-20 16:35:29 replicate_layout.replicatelayout 596:Replicating footprints on sheet ['sheet61206463']
08-20 16:35:29 root 272:updating GUI with: 16
08-20 16:35:29 replicate_layout.replicatelayout 596:Replicating footprints on sheet ['sheet61206554']
08-20 16:35:29 replicate_layout.replicatelayout 596:Replicating footprints on sheet ['sheet6120661A']
08-20 16:35:29 root 267:updating GUI message: 'Replicating tracks'
08-20 16:35:29 replicate_layout.replicatelayout 720:Replicating tracks
08-20 16:35:29 root 272:updating GUI with: 0
08-20 16:35:29 replicate_layout.replicatelayout 726:Replicating tracks on sheet ['sheet61206463']
08-20 16:35:29 root 272:updating GUI with: 1
08-20 16:35:29 replicate_layout.replicatelayout 726:Replicating tracks on sheet ['sheet61206554']
08-20 16:35:29 root 272:updating GUI with: 34
08-20 16:35:29 replicate_layout.replicatelayout 726:Replicating tracks on sheet ['sheet6120661A']
08-20 16:35:29 root 272:updating GUI with: 68
08-20 16:35:29 root 267:updating GUI message: 'Replicating zones'
08-20 16:35:29 replicate_layout.replicatelayout 771:Replicating zones
08-20 16:35:29 replicate_layout.replicatelayout 778:Replicating zones on sheet ['sheet61206463']
08-20 16:35:29 root 272:updating GUI with: 2
08-20 16:35:29 replicate_layout.replicatelayout 778:Replicating zones on sheet ['sheet61206554']
08-20 16:35:29 root 272:updating GUI with: 36
08-20 16:35:29 replicate_layout.replicatelayout 778:Replicating zones on sheet ['sheet6120661A']
08-20 16:35:29 root 272:updating GUI with: 69
08-20 16:35:29 root 267:updating GUI message: 'Replicating text'
08-20 16:35:29 replicate_layout.replicatelayout 837:Replicating text
08-20 16:35:29 replicate_layout.replicatelayout 844:Replicating text on sheet ['sheet61206463']
08-20 16:35:29 replicate_layout.replicatelayout 844:Replicating text on sheet ['sheet61206554']
08-20 16:35:29 replicate_layout.replicatelayout 844:Replicating text on sheet ['sheet6120661A']
08-20 16:35:29 root 267:updating GUI message: 'Replicating drawings'
08-20 16:35:29 replicate_layout.replicatelayout 868:Replicating drawings
08-20 16:35:29 root 272:updating GUI with: 0
08-20 16:35:29 replicate_layout.replicatelayout 874:Replicating drawings on sheet ['sheet61206463']
08-20 16:35:29 replicate_layout.replicatelayout 874:Replicating drawings on sheet ['sheet61206554']
08-20 16:35:29 replicate_layout.replicatelayout 874:Replicating drawings on sheet ['sheet6120661A']
08-20 16:35:29 replicate_layout.action_replicate_layout 207:Replication complete
